0 info it worked if it ends with ok
1 verbose cli [ 'C:\\Program Files\\nodejs\\node.exe',
1 verbose cli   'C:\\Program Files\\nodejs\\node_modules\\npm\\bin\\npm-cli.js',
1 verbose cli   'run',
1 verbose cli   'compile:scss' ]
2 info using npm@2.15.0
3 info using node@v0.10.44
4 verbose stack Error: missing script: compile:scss
4 verbose stack     at run (C:\Users\NihadK\AppData\Roaming\nvm\v0.10.44\node_modules\npm\lib\run-script.js:142:19)
4 verbose stack     at C:\Users\NihadK\AppData\Roaming\nvm\v0.10.44\node_modules\npm\lib\run-script.js:58:5
4 verbose stack     at C:\Users\NihadK\AppData\Roaming\nvm\v0.10.44\node_modules\npm\node_modules\read-package-json\read-json.js:345:5
4 verbose stack     at checkBinReferences_ (C:\Users\NihadK\AppData\Roaming\nvm\v0.10.44\node_modules\npm\node_modules\read-package-json\read-json.js:309:45)
4 verbose stack     at final (C:\Users\NihadK\AppData\Roaming\nvm\v0.10.44\node_modules\npm\node_modules\read-package-json\read-json.js:343:3)
4 verbose stack     at then (C:\Users\NihadK\AppData\Roaming\nvm\v0.10.44\node_modules\npm\node_modules\read-package-json\read-json.js:113:5)
4 verbose stack     at C:\Users\NihadK\AppData\Roaming\nvm\v0.10.44\node_modules\npm\node_modules\read-package-json\read-json.js:300:12
4 verbose stack     at C:\Users\NihadK\AppData\Roaming\nvm\v0.10.44\node_modules\npm\node_modules\graceful-fs\graceful-fs.js:78:16
4 verbose stack     at fs.js:272:14
4 verbose stack     at C:\Users\NihadK\AppData\Roaming\nvm\v0.10.44\node_modules\npm\node_modules\graceful-fs\graceful-fs.js:43:10
5 verbose cwd C:\Projects\demo\landing-page-orange
6 error Windows_NT 10.0.16299
7 error argv "C:\\Program Files\\nodejs\\node.exe" "C:\\Program Files\\nodejs\\node_modules\\npm\\bin\\npm-cli.js" "run" "compile:scss"
8 error node v0.10.44
9 error npm  v2.15.0
10 error missing script: compile:scss
11 error If you need help, you may report this error at:
11 error     <https://github.com/npm/npm/issues>
12 verbose exit [ 1, true ]
